This is pdfTeXk, Version 3.141592-1.40.3 (Web2C 7.5.6) (format=pdflatex 2010.5.7)  6 SEP 2010 06:32
entering extended mode
 %&-line parsing enabled.
**slides
(./slides.tex
LaTeX2e <2005/12/01>
Babel <v3.8h> and hyphenation patterns for english, usenglishmax, dumylang, noh
yphenation, croatian, ukrainian, russian, bulgarian, czech, slovak, danish, dut
ch, finnish, basque, french, german, ngerman, ibycus, greek, monogreek, ancient
greek, hungarian, italian, latin, mongolian, norsk, icelandic, interlingua, tur
kish, coptic, romanian, welsh, serbian, slovenian, estonian, esperanto, upperso
rbian, indonesian, polish, portuguese, spanish, catalan, galician, swedish, loa
ded.
(/home/mhonn/Documents/tex/lecture.cls
Document Class: lecture 
(/home/mhonn/Documents/tex/colours.sty
Package: colours 

(/home/mhonn/Documents/tex/pgf/pgf-1.01/latex/pgf/utilities/xxcolor.sty
Package: xxcolor 2003/10/24 ver 0.1

(/home/mhonn/Documents/tex/xcolor/xcolor2.08/xcolor.sty
Package: xcolor 2005/11/25 v2.08 LaTeX color extensions (UK)

(/etc/texmf/tex/latex/config/color.cfg
File: color.cfg 2007/01/18 v1.5 color configuration of teTeX/TeXLive
)
Package xcolor Info: Driver file: pdftex.def on input line 207.

(/usr/share/texmf-texlive/tex/latex/pdftex-def/pdftex.def
File: pdftex.def 2007/01/08 v0.04d Graphics/color for pdfTeX
\Gread@gobject=\count79
)
Package xcolor Info: Model `cmy' substituted by `cmy0' on input line 1289.
Package xcolor Info: Model `hsb' substituted by `rgb' on input line 1295.
Package xcolor Info: Model `RGB' extended on input line 1307.
Package xcolor Info: Model `HTML' substituted by `rgb' on input line 1309.
Package xcolor Info: Model `Hsb' substituted by `hsb' on input line 1310.
Package xcolor Info: Model `tHsb' substituted by `hsb' on input line 1311.
Package xcolor Info: Model `HSB' substituted by `hsb' on input line 1312.
Package xcolor Info: Model `Gray' substituted by `gray' on input line 1313.
Package xcolor Info: Model `wave' substituted by `hsb' on input line 1314.
)
\XC@nummixins=\count80
\XC@countmixins=\count81
))
(/home/mhonn/Documents/tex/latex-beamer/latex-beamer-3.06/base/beamer.cls
(/home/mhonn/Documents/tex/latex-beamer/latex-beamer-3.06/base/beamerbasercs.st
y
Package: beamerbasercs 2004/10/07 (rcs-revision 1.3)
)
Document Class: beamer 2005/10/23 cvs version 3.06 A class for typesetting pres
entations (rcs-revision 1.67)

(/home/mhonn/Documents/tex/latex-beamer/latex-beamer-3.06/base/beamerbasemodes.
sty
Package: beamerbasemodes 2004/12/09 (rcs-revision 1.21)
\beamer@tempbox=\box26
\beamer@tempcount=\count82
\c@beamerpauses=\count83

(/home/mhonn/Documents/tex/latex-beamer/latex-beamer-3.06/base/beamerbasedecode
.sty
Package: beamerbasedecode 2005/05/09 (rcs-revision 1.18)
\beamer@slideinframe=\count84
\beamer@minimum=\count85
)
\beamer@commentbox=\box27
\beamer@modecount=\count86
)
\headheight=\dimen102
\headdp=\dimen103
\footheight=\dimen104
\sidebarheight=\dimen105
\beamer@tempdim=\dimen106
\beamer@finalheight=\dimen107
\beamer@animht=\dimen108
\beamer@animdp=\dimen109
\beamer@animwd=\dimen110
\beamer@leftmargin=\dimen111
\beamer@rightmargin=\dimen112
\beamer@leftsidebar=\dimen113
\beamer@rightsidebar=\dimen114
\beamer@boxsize=\dimen115
\beamer@vboxoffset=\dimen116
\beamer@descdefault=\dimen117
\beamer@descriptionwidth=\dimen118
\beamer@lastskip=\skip41
\beamer@areabox=\box28
\beamer@animcurrent=\box29
\beamer@animshowbox=\box30
\beamer@sectionbox=\box31
\beamer@logobox=\box32
\beamer@linebox=\box33
\beamer@sectioncount=\count87
\beamer@subsubsectionmax=\count88
\beamer@subsectionmax=\count89
\beamer@sectionmax=\count90
\beamer@totalheads=\count91
\beamer@headcounter=\count92
\beamer@partstartpage=\count93
\beamer@sectionstartpage=\count94
\beamer@subsectionstartpage=\count95
\beamer@animationtempa=\count96
\beamer@animationtempb=\count97
\beamer@xpos=\count98
\beamer@ypos=\count99
\beamer@showpartnumber=\count100
\beamer@currentsubsection=\count101
\beamer@coveringdepth=\count102
\beamer@sectionadjust=\count103
\beamer@tocsectionnumber=\count104

(/home/mhonn/Documents/tex/latex-beamer/latex-beamer-3.06/base/beamerbaseoption
s.sty
Package: beamerbaseoptions 2004/11/15 (rcs-revision 1.7)
 (/usr/share/texmf-texlive/tex/latex/graphics/keyval.sty
Package: keyval 1999/03/16 v1.13 key=value parser (DPC)
\KV@toks@=\toks14
))
(/home/mhonn/Documents/tex/pgf/pgf-1.01/latex/pgf/basiclayer/pgfcore.sty
(/usr/share/texmf-texlive/tex/latex/graphics/graphicx.sty
Package: graphicx 1999/02/16 v1.0f Enhanced LaTeX Graphics (DPC,SPQR)

(/usr/share/texmf-texlive/tex/latex/graphics/graphics.sty
Package: graphics 2006/02/20 v1.0o Standard LaTeX Graphics (DPC,SPQR)

(/usr/share/texmf-texlive/tex/latex/graphics/trig.sty
Package: trig 1999/03/16 v1.09 sin cos tan (DPC)
)
(/etc/texmf/tex/latex/config/graphics.cfg
File: graphics.cfg 2007/01/18 v1.5 graphics configuration of teTeX/TeXLive
)
Package graphics Info: Driver file: pdftex.def on input line 90.
)
\Gin@req@height=\dimen119
\Gin@req@width=\dimen120
)
(/home/mhonn/Documents/tex/pgf/pgf-1.01/latex/pgf/systemlayer/pgfsys.sty
(/home/mhonn/Documents/tex/pgf/pgf-1.01/latex/pgf/utilities/pgfrcs.sty
(/home/mhonn/Documents/tex/pgf/pgf-1.01/generic/pgf/utilities/pgfrcs.code.tex
Package: pgfrcs 2005/11/14 v1.01 (rcs-revision 1.8)
))
(/home/mhonn/Documents/tex/pgf/pgf-1.01/generic/pgf/systemlayer/pgfsys.code.tex
Package: pgfsys 2005/10/18 v1.01 (rcs-revision 1.9)
\pgf@x=\dimen121
\pgf@y=\dimen122
\pgf@xa=\dimen123
\pgf@ya=\dimen124
\pgf@xb=\dimen125
\pgf@yb=\dimen126
\pgf@xc=\dimen127
\pgf@yc=\dimen128
(/home/mhonn/Documents/tex/pgf/pgf-1.01/generic/pgf/systemlayer/pgf.cfg
File: pgf.cfg 2005/06/29 (rcs-revision 1.1.1.1)
)
Package pgfsys Info: Driver file for pgf: pgfsys-pdftex.def on input line 759.

(/home/mhonn/Documents/tex/pgf/pgf-1.01/generic/pgf/systemlayer/pgfsys-pdftex.d
ef
File: pgfsys-pdftex.def 2005/10/06 (rcs-revision 1.4)

(/home/mhonn/Documents/tex/pgf/pgf-1.01/generic/pgf/systemlayer/pgfsys-common-p
df.def
File: pgfsys-common-pdf.def 2005/10/18 (rcs-revision 1.4)
)))
(/home/mhonn/Documents/tex/pgf/pgf-1.01/generic/pgf/systemlayer/pgfsyssoftpath.
code.tex
File: pgfsyssoftpath.code.tex 2005/06/29 (rcs-revision 1.1.1.1)
)
(/home/mhonn/Documents/tex/pgf/pgf-1.01/generic/pgf/systemlayer/pgfsysprotocol.
code.tex
File: pgfsysprotocol.code.tex 2005/06/29 (rcs-revision 1.1.1.1)
))
(/home/mhonn/Documents/tex/pgf/pgf-1.01/generic/pgf/basiclayer/pgfcore.code.tex
Package: pgfcore 2005/10/25 v1.01 (rcs-revision 1.3)

(/home/mhonn/Documents/tex/pgf/pgf-1.01/generic/pgf/basiclayer/pgfcoremath.code
.tex
File: pgfcoremath.code.tex 2005/06/29 (rcs-revision 1.1.1.1)
\c@pgf@counta=\count105
\c@pgf@countb=\count106
\c@pgf@countc=\count107
\c@pgf@countd=\count108
)
(/home/mhonn/Documents/tex/pgf/pgf-1.01/generic/pgf/basiclayer/pgfcorepoints.co
de.tex
File: pgfcorepoints.code.tex 2005/06/29 (rcs-revision 1.1.1.1)
\pgf@picminx=\dimen129
\pgf@picmaxx=\dimen130
\pgf@picminy=\dimen131
\pgf@picmaxy=\dimen132
\pgf@pathminx=\dimen133
\pgf@pathmaxx=\dimen134
\pgf@pathminy=\dimen135
\pgf@pathmaxy=\dimen136
\pgf@tempdim=\dimen137
\c@pgf@tempcount=\count109
\pgf@xx=\dimen138
\pgf@xy=\dimen139
\pgf@yx=\dimen140
\pgf@yy=\dimen141
\pgf@zx=\dimen142
\pgf@zy=\dimen143
)
(/home/mhonn/Documents/tex/pgf/pgf-1.01/generic/pgf/basiclayer/pgfcorepathconst
ruct.code.tex
File: pgfcorepathconstruct.code.tex 2005/10/25 (rcs-revision 1.1)
\pgf@path@lastx=\dimen144
\pgf@path@lasty=\dimen145
)
(/home/mhonn/Documents/tex/pgf/pgf-1.01/generic/pgf/basiclayer/pgfcorepathusage
.code.tex
File: pgfcorepathusage.code.tex 2005/07/17 (rcs-revision 1.2)
\pgf@shorten@end@additional=\dimen146
\pgf@shorten@start@additional=\dimen147
)
(/home/mhonn/Documents/tex/pgf/pgf-1.01/generic/pgf/basiclayer/pgfcorescopes.co
de.tex
File: pgfcorescopes.code.tex 2005/11/15 (rcs-revision 1.12)
\pgfpic=\box34
\pgf@hbox=\box35
\pgf@layerbox@main=\box36
)
(/home/mhonn/Documents/tex/pgf/pgf-1.01/generic/pgf/basiclayer/pgfcoregraphicst
ate.code.tex
File: pgfcoregraphicstate.code.tex 2005/09/21 (rcs-revision 1.3)
\pgflinewidth=\dimen148
)
(/home/mhonn/Documents/tex/pgf/pgf-1.01/generic/pgf/basiclayer/pgfcoretransform
ations.code.tex
File: pgfcoretransformations.code.tex 2005/06/29 (rcs-revision 1.1.1.1)
\pgf@pt@x=\dimen149
\pgf@pt@y=\dimen150
\pgf@pt@temp=\dimen151
)
(/home/mhonn/Documents/tex/pgf/pgf-1.01/generic/pgf/basiclayer/pgfcorequick.cod
e.tex
File: pgfcorequick.code.tex 2005/06/29 (rcs-revision 1.1.1.1)
)
(/home/mhonn/Documents/tex/pgf/pgf-1.01/generic/pgf/basiclayer/pgfcoreobjects.c
ode.tex
File: pgfcoreobjects.code.tex 2005/06/29 (rcs-revision 1.1.1.1)
)
(/home/mhonn/Documents/tex/pgf/pgf-1.01/generic/pgf/basiclayer/pgfcorepathproce
ssing.code.tex
File: pgfcorepathprocessing.code.tex 2005/10/03 (rcs-revision 1.2)
)
(/home/mhonn/Documents/tex/pgf/pgf-1.01/generic/pgf/basiclayer/pgfcorearrows.co
de.tex
File: pgfcorearrows.code.tex 2005/07/10 (rcs-revision 1.2)
)
(/home/mhonn/Documents/tex/pgf/pgf-1.01/generic/pgf/basiclayer/pgfcoreshade.cod
e.tex
File: pgfcoreshade.code.tex 2005/07/17 (rcs-revision 1.3)
\pgf@max=\dimen152
\pgf@sys@shading@range@num=\count110
)))
(/home/mhonn/Documents/tex/pgf/pgf-1.01/latex/pgf/basiclayer/pgfbaseimage.sty
(/home/mhonn/Documents/tex/pgf/pgf-1.01/generic/pgf/basiclayer/pgfbaseimage.cod
e.tex
Package: pgfbaseimage 2005/07/06 v1.01 (rcs-revision 1.2)
)) (/usr/share/texmf-texlive/tex/latex/amsfonts/amssymb.sty
Package: amssymb 2002/01/22 v2.2d

(/usr/share/texmf-texlive/tex/latex/amsfonts/amsfonts.sty
Package: amsfonts 2001/10/25 v2.2f
\@emptytoks=\toks15
\symAMSa=\mathgroup4
\symAMSb=\mathgroup5
LaTeX Font Info:    Overwriting math alphabet `\mathfrak' in version `bold'
(Font)                  U/euf/m/n --> U/euf/b/n on input line 132.
))
(/usr/share/texmf-texlive/tex/latex/geometry/geometry.sty
Package: geometry 2002/07/08 v3.2 Page Geometry
\Gm@cnth=\count111
\Gm@cntv=\count112
\c@Gm@tempcnt=\count113
\Gm@bindingoffset=\dimen153
\Gm@wd@mp=\dimen154
\Gm@odd@mp=\dimen155
\Gm@even@mp=\dimen156
\Gm@dimlist=\toks16

(/usr/share/texmf-texlive/tex/xelatex/xetexconfig/geometry.cfg))
(/usr/share/texmf-texlive/tex/latex/hyperref/hyperref.sty
Package: hyperref 2007/02/07 v6.75r Hypertext links for LaTeX
\@linkdim=\dimen157
\Hy@linkcounter=\count114
\Hy@pagecounter=\count115

(/usr/share/texmf-texlive/tex/latex/hyperref/pd1enc.def
File: pd1enc.def 2007/02/07 v6.75r Hyperref: PDFDocEncoding definition (HO)
)
(/etc/texmf/tex/latex/config/hyperref.cfg
File: hyperref.cfg 2002/06/06 v1.2 hyperref configuration of TeXLive
)
(/usr/share/texmf-texlive/tex/latex/oberdiek/kvoptions.sty
Package: kvoptions 2006/08/22 v2.4 Connects package keyval with LaTeX options (
HO)
)
Package hyperref Info: Option `bookmarks' set `true' on input line 2238.
Package hyperref Info: Option `bookmarksopen' set `true' on input line 2238.
Package hyperref Info: Option `colorlinks' set `true' on input line 2238.
Package hyperref Info: Option `implicit' set `false' on input line 2238.
Package hyperref Info: Hyper figures OFF on input line 2288.
Package hyperref Info: Link nesting OFF on input line 2293.
Package hyperref Info: Hyper index ON on input line 2296.
Package hyperref Info: Plain pages OFF on input line 2303.
Package hyperref Info: Backreferencing OFF on input line 2308.

Implicit mode OFF; no redefinition of LaTeX internals
Package hyperref Info: Bookmarks ON on input line 2444.
(/usr/share/texmf-texlive/tex/latex/ltxmisc/url.sty
\Urlmuskip=\muskip10
Package: url 2005/06/27  ver 3.2  Verb mode for urls, etc.
)
LaTeX Info: Redefining \url on input line 2599.
\Fld@menulength=\count116
\Field@Width=\dimen158
\Fld@charsize=\dimen159
\Choice@toks=\toks17
\Field@toks=\toks18
Package hyperref Info: Hyper figures OFF on input line 3102.
Package hyperref Info: Link nesting OFF on input line 3107.
Package hyperref Info: Hyper index ON on input line 3110.
Package hyperref Info: backreferencing OFF on input line 3117.
Package hyperref Info: Link coloring ON on input line 3120.


Package hyperref Warning: Option `pdfpagelabels' is turned off
(hyperref)                because \thepage is undefined.

Hyperref stopped early
)
*hyperref using default driver hpdftex*
(/usr/share/texmf-texlive/tex/latex/hyperref/hpdftex.def
File: hpdftex.def 2007/02/07 v6.75r Hyperref driver for pdfTeX
\Fld@listcount=\count117
)
(/usr/share/texmf-texlive/tex/latex/base/size11.clo
File: size11.clo 2005/09/16 v1.4f Standard LaTeX file (size option)
)
(/home/mhonn/Documents/tex/latex-beamer/latex-beamer-3.06/base/beamerbasecompat
ibility.sty
Package: beamerbasecompatibility 2005/01/25  (rcs-revision 1.60)
)
(/home/mhonn/Documents/tex/latex-beamer/latex-beamer-3.06/base/beamerbasefont.s
ty
Package: beamerbasefont 2005/05/17  (rcs-revision 1.15)
)
(/home/mhonn/Documents/tex/latex-beamer/latex-beamer-3.06/base/beamerbasemisc.s
ty
Package: beamerbasemisc 2005/05/17  (rcs-revision 1.23)
)
(/home/mhonn/Documents/tex/latex-beamer/latex-beamer-3.06/base/beamerbasetwoscr
eens.sty
Package: beamerbasetwoscreens 2005/10/14  (rcs-revision 1.6)
)
(/home/mhonn/Documents/tex/latex-beamer/latex-beamer-3.06/base/beamerbaseoverla
y.sty
Package: beamerbaseoverlay 2005/05/18  (rcs-revision 1.49)
\beamer@argscount=\count118
\beamer@lastskipcover=\skip42
\beamer@trivlistdepth=\count119
)
(/home/mhonn/Documents/tex/latex-beamer/latex-beamer-3.06/base/beamerbasetitle.
sty
Package: beamerbasetitle 2005/10/23  (rcs-revision 1.23)
)
(/home/mhonn/Documents/tex/latex-beamer/latex-beamer-3.06/base/beamerbasesectio
n.sty
Package: beamerbasesection 2005/04/20  (rcs-revision 1.18)
\c@lecture=\count120
\c@part=\count121
\c@section=\count122
\c@subsection=\count123
\c@subsubsection=\count124
)
(/home/mhonn/Documents/tex/latex-beamer/latex-beamer-3.06/base/beamerbaseframe.
sty
Package: beamerbaseframe 2005/06/02  (rcs-revision 1.58)
\beamer@framebox=\box37
\beamer@frametitlebox=\box38
\beamer@zoombox=\box39
\beamer@zoomcount=\count125
\beamer@zoomframecount=\count126
\beamer@frametextheight=\dimen160
\c@subsectionslide=\count127
\beamer@frametopskip=\skip43
\beamer@framebottomskip=\skip44
\beamer@frametopskipautobreak=\skip45
\beamer@framebottomskipautobreak=\skip46
\beamer@envbody=\toks19
\c@framenumber=\count128
)
(/home/mhonn/Documents/tex/latex-beamer/latex-beamer-3.06/base/beamerbaseverbat
im.sty
Package: beamerbaseverbatim 2005/04/12  (rcs-revision 1.6)
\beamer@verbatimfileout=\write3
)
(/home/mhonn/Documents/tex/latex-beamer/latex-beamer-3.06/base/beamerbaseframes
ize.sty
Package: beamerbaseframesize 2005/06/09  (rcs-revision 1.17)
\beamer@splitbox=\box40
\beamer@autobreakcount=\count129
\beamer@autobreaklastheight=\dimen161
\beamer@frametitletoks=\toks20
\beamer@framesubtitletoks=\toks21
)
(/home/mhonn/Documents/tex/latex-beamer/latex-beamer-3.06/base/beamerbaseframec
omponents.sty
Package: beamerbaseframecomponents 2004/11/08  (rcs-revision 1.40)
\beamer@footins=\box41
)
(/home/mhonn/Documents/tex/latex-beamer/latex-beamer-3.06/base/beamerbasecolor.
sty
Package: beamerbasecolor 2005/01/25  (rcs-revision 1.41)
)
(/home/mhonn/Documents/tex/latex-beamer/latex-beamer-3.06/base/beamerbasenotes.
sty
Package: beamerbasenotes 2005/10/14  (rcs-revision 1.22)
\beamer@frameboxcopy=\box42
)
(/home/mhonn/Documents/tex/latex-beamer/latex-beamer-3.06/base/beamerbasetoc.st
y
Package: beamerbasetoc 2004/12/09  (rcs-revision 1.20)
)
(/home/mhonn/Documents/tex/latex-beamer/latex-beamer-3.06/base/beamerbasetempla
tes.sty
Package: beamerbasetemplates 2004/10/07  (rcs-revision 1.50)
\beamer@sbttoks=\toks22

(/home/mhonn/Documents/tex/latex-beamer/latex-beamer-3.06/base/beamerbaseauxtem
plates.sty
Package: beamerbaseauxtemplates 2005/06/09  (rcs-revision 1.27)

(/home/mhonn/Documents/tex/latex-beamer/latex-beamer-3.06/base/beamerbaseboxes.
sty
Package: beamerbaseboxes 2005/06/09  (rcs-revision 1.28)
\bmb@box=\box43
\bmb@colorbox=\box44
\bmb@boxshadow=\box45
\bmb@boxshadowball=\box46
\bmb@boxshadowballlarge=\box47
\bmb@temp=\dimen162
\bmb@dima=\dimen163
\bmb@dimb=\dimen164
\bmb@prevheight=\dimen165
)
\beamer@blockheadheight=\dimen166
))
(/home/mhonn/Documents/tex/latex-beamer/latex-beamer-3.06/base/beamerbaselocals
tructure.sty
Package: beamerbaselocalstructure 2005/04/20  (rcs-revision 1.51)
 (/usr/share/texmf-texlive/tex/latex/tools/enumerate.sty
Package: enumerate 1999/03/05 v3.00 enumerate extensions (DPC)
\@enLab=\toks23
)
\c@figure=\count130
\c@table=\count131
\abovecaptionskip=\skip47
\belowcaptionskip=\skip48
)
(/home/mhonn/Documents/tex/latex-beamer/latex-beamer-3.06/base/beamerbasenaviga
tion.sty
Package: beamerbasenavigation 2005/06/01  (rcs-revision 1.34)
)
(/home/mhonn/Documents/tex/latex-beamer/latex-beamer-3.06/base/beamerbasetheore
ms.sty
Package: beamerbasetheorems 2005/04/04  (rcs-revision 1.7)
 (/usr/share/texmf-texlive/tex/latex/amsmath/amsmath.sty
Package: amsmath 2000/07/18 v2.13 AMS math features
\@mathmargin=\skip49

For additional information on amsmath, use the `?' option.
(/usr/share/texmf-texlive/tex/latex/amsmath/amstext.sty
Package: amstext 2000/06/29 v2.01

(/usr/share/texmf-texlive/tex/latex/amsmath/amsgen.sty
File: amsgen.sty 1999/11/30 v2.0
\@emptytoks=\toks24
\ex@=\dimen167
))
(/usr/share/texmf-texlive/tex/latex/amsmath/amsbsy.sty
Package: amsbsy 1999/11/29 v1.2d
\pmbraise@=\dimen168
)
(/usr/share/texmf-texlive/tex/latex/amsmath/amsopn.sty
Package: amsopn 1999/12/14 v2.01 operator names
)
\inf@bad=\count132
LaTeX Info: Redefining \frac on input line 211.
\uproot@=\count133
\leftroot@=\count134
LaTeX Info: Redefining \overline on input line 307.
\classnum@=\count135
\DOTSCASE@=\count136
LaTeX Info: Redefining \ldots on input line 379.
LaTeX Info: Redefining \dots on input line 382.
LaTeX Info: Redefining \cdots on input line 467.
\Mathstrutbox@=\box48
\strutbox@=\box49
\big@size=\dimen169
LaTeX Font Info:    Redeclaring font encoding OML on input line 567.
LaTeX Font Info:    Redeclaring font encoding OMS on input line 568.
\macc@depth=\count137
\c@MaxMatrixCols=\count138
\dotsspace@=\muskip11
\c@parentequation=\count139
\dspbrk@lvl=\count140
\tag@help=\toks25
\row@=\count141
\column@=\count142
\maxfields@=\count143
\andhelp@=\toks26
\eqnshift@=\dimen170
\alignsep@=\dimen171
\tagshift@=\dimen172
\tagwidth@=\dimen173
\totwidth@=\dimen174
\lineht@=\dimen175
\@envbody=\toks27
\multlinegap=\skip50
\multlinetaggap=\skip51
\mathdisplay@stack=\toks28
LaTeX Info: Redefining \[ on input line 2666.
LaTeX Info: Redefining \] on input line 2667.
)
(/usr/share/texmf-texlive/tex/latex/amscls/amsthm.sty
Package: amsthm 2004/08/06 v2.20
\thm@style=\toks29
\thm@bodyfont=\toks30
\thm@headfont=\toks31
\thm@notefont=\toks32
\thm@headpunct=\toks33
\thm@preskip=\skip52
\thm@postskip=\skip53
\thm@headsep=\skip54
\dth@everypar=\toks34
)
\c@theorem=\count144
)
(/home/mhonn/Documents/tex/latex-beamer/latex-beamer-3.06/base/beamerbasethemes
.sty
Package: beamerbasethemes 2004/10/07  (rcs-revision 1.9)
)
(/home/mhonn/Documents/tex/latex-beamer/latex-beamer-3.06/themes/theme/beamerth
emedefault.sty
Package: beamerthemedefault 2004/10/07  (rcs-revision 1.6)

(/home/mhonn/Documents/tex/latex-beamer/latex-beamer-3.06/themes/font/beamerfon
tthemedefault.sty
Package: beamerfontthemedefault 2005/03/15  (rcs-revision 1.12)
)
(/home/mhonn/Documents/tex/latex-beamer/latex-beamer-3.06/themes/color/beamerco
lorthemedefault.sty
Package: beamercolorthemedefault 2005/03/15  (rcs-revision 1.27)
)
(/home/mhonn/Documents/tex/latex-beamer/latex-beamer-3.06/themes/inner/beamerin
nerthemedefault.sty
Package: beamerinnerthemedefault 2005/06/17  (rcs-revision 1.19)
\beamer@dima=\dimen176
\beamer@dimb=\dimen177
)
(/home/mhonn/Documents/tex/latex-beamer/latex-beamer-3.06/themes/outer/beamerou
terthemedefault.sty
Package: beamerouterthemedefault 2005/06/09  (rcs-revision 1.13)
))) (/home/mhonn/Documents/tex/textcomp.sty
Package: textcomp 2004/02/22 v1.99f Standard LaTeX package
Package textcomp Info: Sub-encoding information:
(textcomp)               5 = only ISO-Adobe without \textcurrency
(textcomp)               4 = 5 + \texteuro
(textcomp)               3 = 4 + \textohm
(textcomp)               2 = 3 + \textestimated + \textcurrency
(textcomp)               1 = TS1 - \textcircled - \t
(textcomp)               0 = TS1 (full)
(textcomp)             Font families with sub-encoding setting implement
(textcomp)             only a restricted character set as indicated.
(textcomp)             Family '?' is the default used for unknown fonts.
(textcomp)             See the documentation for details.
Package textcomp Info: Setting ? sub-encoding to TS1/1 on input line 71.

(/usr/share/texmf-texlive/tex/latex/base/ts1enc.def
File: ts1enc.def 2001/06/05 v3.0e (jk/car/fm) Standard LaTeX file
)
LaTeX Info: Redefining \oldstylenums on input line 266.
Package textcomp Info: Setting cmr sub-encoding to TS1/0 on input line 281.
Package textcomp Info: Setting cmss sub-encoding to TS1/0 on input line 282.
Package textcomp Info: Setting cmtt sub-encoding to TS1/0 on input line 283.
Package textcomp Info: Setting cmvtt sub-encoding to TS1/0 on input line 284.
Package textcomp Info: Setting cmbr sub-encoding to TS1/0 on input line 285.
Package textcomp Info: Setting cmtl sub-encoding to TS1/0 on input line 286.
Package textcomp Info: Setting ccr sub-encoding to TS1/0 on input line 287.
Package textcomp Info: Setting ptm sub-encoding to TS1/4 on input line 288.
Package textcomp Info: Setting pcr sub-encoding to TS1/4 on input line 289.
Package textcomp Info: Setting phv sub-encoding to TS1/4 on input line 290.
Package textcomp Info: Setting ppl sub-encoding to TS1/3 on input line 291.
Package textcomp Info: Setting pag sub-encoding to TS1/4 on input line 292.
Package textcomp Info: Setting pbk sub-encoding to TS1/4 on input line 293.
Package textcomp Info: Setting pnc sub-encoding to TS1/4 on input line 294.
Package textcomp Info: Setting pzc sub-encoding to TS1/4 on input line 295.
Package textcomp Info: Setting bch sub-encoding to TS1/4 on input line 296.
Package textcomp Info: Setting put sub-encoding to TS1/5 on input line 297.
Package textcomp Info: Setting uag sub-encoding to TS1/5 on input line 298.
Package textcomp Info: Setting ugq sub-encoding to TS1/5 on input line 299.
Package textcomp Info: Setting ul8 sub-encoding to TS1/4 on input line 300.
Package textcomp Info: Setting ul9 sub-encoding to TS1/4 on input line 301.
Package textcomp Info: Setting augie sub-encoding to TS1/5 on input line 302.
Package textcomp Info: Setting dayrom sub-encoding to TS1/3 on input line 303.
Package textcomp Info: Setting dayroms sub-encoding to TS1/3 on input line 304.

Package textcomp Info: Setting pxr sub-encoding to TS1/0 on input line 305.
Package textcomp Info: Setting pxss sub-encoding to TS1/0 on input line 306.
Package textcomp Info: Setting pxtt sub-encoding to TS1/0 on input line 307.
Package textcomp Info: Setting txr sub-encoding to TS1/0 on input line 308.
Package textcomp Info: Setting txss sub-encoding to TS1/0 on input line 309.
Package textcomp Info: Setting txtt sub-encoding to TS1/0 on input line 310.
Package textcomp Info: Setting futs sub-encoding to TS1/4 on input line 311.
Package textcomp Info: Setting futx sub-encoding to TS1/4 on input line 312.
Package textcomp Info: Setting futj sub-encoding to TS1/4 on input line 313.
Package textcomp Info: Setting hlh sub-encoding to TS1/3 on input line 314.
Package textcomp Info: Setting hls sub-encoding to TS1/3 on input line 315.
Package textcomp Info: Setting hlst sub-encoding to TS1/3 on input line 316.
Package textcomp Info: Setting hlct sub-encoding to TS1/5 on input line 317.
Package textcomp Info: Setting hlx sub-encoding to TS1/5 on input line 318.
Package textcomp Info: Setting hlce sub-encoding to TS1/5 on input line 319.
Package textcomp Info: Setting hlcn sub-encoding to TS1/5 on input line 320.
Package textcomp Info: Setting hlcw sub-encoding to TS1/5 on input line 321.
Package textcomp Info: Setting hlcf sub-encoding to TS1/5 on input line 322.
Package textcomp Info: Setting pplx sub-encoding to TS1/3 on input line 323.
Package textcomp Info: Setting pplj sub-encoding to TS1/3 on input line 324.
Package textcomp Info: Setting ptmx sub-encoding to TS1/4 on input line 325.
Package textcomp Info: Setting ptmj sub-encoding to TS1/4 on input line 326.
)
(/usr/share/texmf-texlive/tex/latex/base/ifthen.sty
Package: ifthen 2001/05/26 v1.1c Standard LaTeX ifthen package (DPC)
)
(/home/mhonn/Documents/tex/pgf/pgf-1.01/latex/pgf/utilities/pgfpages.sty
Package: pgfpages 2004/11/05 ver 0.01

(/usr/share/texmf-texlive/tex/latex/tools/calc.sty
Package: calc 2005/08/06 v4.2 Infix arithmetic (KKT,FJ)
\calc@Acount=\count145
\calc@Bcount=\count146
\calc@Adimen=\dimen178
\calc@Bdimen=\dimen179
\calc@Askip=\skip55
\calc@Bskip=\skip56
LaTeX Info: Redefining \setlength on input line 75.
LaTeX Info: Redefining \addtolength on input line 76.
\calc@Ccount=\count147
\calc@Cskip=\skip57
)
\pgf@logicalpages=\count148
\pgf@firstshipout=\count149
\pgf@lastshipout=\count150
\pgf@currentshipout=\count151
\pgf@cpn=\count152
\pgf@shipoutnextto=\count153
\pgfphysicalheight=\dimen180
\pgfphysicalwidth=\dimen181
\pgfpages@shipoutbox=\box50
)
(/home/mhonn/Documents/tex/pgf/pgf-1.01/latex/pgf/frontendlayer/tikz.sty
(/home/mhonn/Documents/tex/pgf/pgf-1.01/latex/pgf/basiclayer/pgf.sty
Package: pgf 2005/10/25 v1.01 (rcs-revision 1.5)

(/home/mhonn/Documents/tex/pgf/pgf-1.01/latex/pgf/basiclayer/pgfbaseshapes.sty
(/home/mhonn/Documents/tex/pgf/pgf-1.01/generic/pgf/basiclayer/pgfbaseshapes.co
de.tex
Package: pgfbaseshapes 2005/10/13 v1.01 (rcs-revision 1.9)
\pgfnodeparttextbox=\box51
))
(/home/mhonn/Documents/tex/pgf/pgf-1.01/latex/pgf/basiclayer/pgfbaseplot.sty
(/home/mhonn/Documents/tex/pgf/pgf-1.01/generic/pgf/basiclayer/pgfbaseplot.code
.tex
Package: pgfbaseplot 2005/07/06 v1.01 (rcs-revision 1.2)
\pgf@plotwrite=\write4
))
(/home/mhonn/Documents/tex/pgf/pgf-1.01/latex/pgf/basiclayer/pgfbaselayers.sty
(/home/mhonn/Documents/tex/pgf/pgf-1.01/generic/pgf/basiclayer/pgfbaselayers.co
de.tex
Package: pgfbaselayers 2005/10/24 v1.01 (rcs-revision 1.2)
))
(/home/mhonn/Documents/tex/pgf/pgf-1.01/latex/pgf/basiclayer/pgfbasesnakes.sty
(/home/mhonn/Documents/tex/pgf/pgf-1.01/generic/pgf/basiclayer/pgfbasesnakes.co
de.tex
Package: pgfbasesnakes 2005/10/25 v1.01 (rcs-revision 1.6)
\pgfsnakeremainingdistance=\dimen182
\pgfsnakecompleteddistance=\dimen183
))
(/home/mhonn/Documents/tex/pgf/pgf-1.01/latex/pgf/compatibility/pgfcomp-version
-0-65.sty
Package: pgfcomp-version-0-65 2005/11/14 v1.01 (rcs-revision 1.3)
\pgf@nodesepstart=\dimen184
\pgf@nodesepend=\dimen185
))
(/home/mhonn/Documents/tex/pgf/pgf-1.01/latex/pgf/utilities/pgffor.sty
(/home/mhonn/Documents/tex/pgf/pgf-1.01/generic/pgf/utilities/pgffor.code.tex
Package: pgffor 2005/07/06 v1.01 (rcs-revision 1.2)
\pgffor@iter=\dimen186
\pgffor@skip=\dimen187
))
(/home/mhonn/Documents/tex/pgf/pgf-1.01/latex/pgf/libraries/pgflibraryplothandl
ers.sty
(/home/mhonn/Documents/tex/pgf/pgf-1.01/generic/pgf/libraries/pgflibraryplothan
dlers.code.tex
Package: pgflibraryplothandlers 2005/07/06 v1.01 (rcs-revision 1.3)
\pgfplotmarksize=\dimen188
))
(/home/mhonn/Documents/tex/xkeyval/xkeyval-2.5e/run/xkeyval.sty
Package: xkeyval 2005/11/25 v2.5e package option processing (HA)

(/home/mhonn/Documents/tex/xkeyval/xkeyval-2.5e/run/xkeyval.tex
\XKV@toks=\toks35
\XKV@depth=\count154
File: xkeyval.tex 2005/11/25 v2.5e key=value parser (HA)
))
(/home/mhonn/Documents/tex/pgf/pgf-1.01/generic/pgf/frontendlayer/tikz.code.tex
Package: tikz 2005/11/09 v1.01 (rcs-revision 1.35)
\tikz@lastx=\dimen189
\tikz@lasty=\dimen190
\tikz@lastxsaved=\dimen191
\tikz@lastysaved=\dimen192
\tikzleveldistance=\dimen193
\tikzsiblingdistance=\dimen194
\tikz@figbox=\box52
\tikz@tempbox=\box53
\tikztreelevel=\count155
\tikznumberofchildren=\count156
\tikznumberofcurrentchild=\count157
\tikz@fig@count=\count158
\tikz@expandcount=\count159
)) (/usr/share/texmf-texlive/tex/latex/tools/xspace.sty
Package: xspace 2006/05/08 v1.12 Space after command names (DPC,MH)
)
(/home/mhonn/Documents/tex/listings/listings-1.4/listings.sty
\lst@mode=\count160
\lst@gtempboxa=\box54
\lst@token=\toks36
\lst@length=\count161
\lst@currlwidth=\dimen195
\lst@column=\count162
\lst@pos=\count163
\lst@lostspace=\dimen196
\lst@width=\dimen197
\lst@newlines=\count164
\lst@lineno=\count165
\lst@maxwidth=\dimen198

(/usr/share/texmf-texlive/tex/latex/listings/lstpatch.sty

***
*** This is a patch for listings 1.3, but you're using
*** version 1.4.
***
*** Patch file not loaded.
***

) (/home/mhonn/Documents/tex/lstmisc0.sty)
(/home/mhonn/Documents/tex/listings/listings-1.4/lstmisc.sty
File: lstmisc.sty 2007/02/22 1.4 (Carsten Heinz)
\c@lstnumber=\count166
\lst@skipnumbers=\count167
\lst@framebox=\box55
)
(/home/mhonn/Documents/tex/listings/listings-1.4/listings.cfg
File: listings.cfg 2007/02/22 1.4 listings configuration
))
Package: listings 2007/02/22 1.4 (Carsten Heinz)

(/home/mhonn/Documents/tex/listings/alllistings.sty
(/home/mhonn/Documents/tex/listings/adalistings.sty
Package: adalistings 

(/home/mhonn/Documents/tex/listings/baselistings.sty
Package: baselistings 
\codeleftmargin=\skip58
\codetopmargin=\skip59
))
(/home/mhonn/Documents/tex/listings/cpplistings.sty

LaTeX Warning: You have requested package `cpplistings',
               but the package provides `jslistings'.

Package: jslistings 
) (/home/mhonn/Documents/tex/listings/csslistings.sty
Package: csslistings 
)
(/home/mhonn/Documents/tex/listings/ebnflistings.sty
Package: ebnflistings 
)
(/home/mhonn/Documents/tex/listings/fortranlistings.sty
Package: fortranlistings 
)
(/home/mhonn/Documents/tex/listings/haskelllistings.sty
Package: haskelllistings 
)
(/home/mhonn/Documents/tex/listings/htmllistings.sty
Package: htmllistings 
)
(/home/mhonn/Documents/tex/listings/javalistings.sty
Package: javalistings 
)
(/home/mhonn/Documents/tex/listings/jslistings.sty
Package: jslistings 
)
(/home/mhonn/Documents/tex/listings/latexlistings.sty
Package: latexlistings 
)
(/home/mhonn/Documents/tex/listings/lisplistings.sty
Package: lisplistings 
)
(/home/mhonn/Documents/tex/listings/pascallistings.sty
Package: pascallistings 
)
(/home/mhonn/Documents/tex/listings/prologlistings.sty
Package: prologlistings 

(/home/mhonn/Documents/tex/lstmisc0.sty))
(/home/mhonn/Documents/tex/listings/pylistings.sty
Package: pylistings 
)
(/home/mhonn/Documents/tex/listings/rubylistings.sty
Package: rubylistings 
)
(/home/mhonn/Documents/tex/listings/shelllistings.sty
Package: shelllistings 
)
(/home/mhonn/Documents/tex/listings/stdoutlistings.sty
Package: stdoutlistings 
)
(/home/mhonn/Documents/tex/listings/sqllistings.sty
Package: sqllistings 
)
(/home/mhonn/Documents/tex/listings/vbalistings.sty
Package: vbalistings 
))
(/home/mhonn/Documents/tex/latex-beamer/latex-beamer-3.06/extensions/multimedia
/multimedia.sty
Package: multimedia 2004/04/10 ver 0.01
\mm@movie=\count168
) (./names.tex) (/home/mhonn/Documents/tex/beamerthemeUSYD.sty
Package: beamerthemeUSYD 

(/home/mhonn/Documents/tex/beamerouterthemelogo.sty
Package: beamerouterthemelogo 2004/10/07  (rcs-revision 1.4)
\width@remainder=\skip60
)
(/home/mhonn/Documents/tex/latex-beamer/latex-beamer-3.06/themes/inner/beamerin
nerthemerounded.sty
Package: beamerinnerthemerounded 2004/10/07  (rcs-revision 1.4)
)
(/home/mhonn/Documents/tex/latex-beamer/latex-beamer-3.06/themes/color/beamerco
lorthemeorchid.sty
Package: beamercolorthemeorchid 2004/10/07  (rcs-revision 1.2)
)
(/home/mhonn/Documents/tex/latex-beamer/latex-beamer-3.06/themes/color/beamerco
lorthemewhale.sty
Package: beamercolorthemewhale 2004/10/07  (rcs-revision 1.3)
))) (./rebanking_talk.tex (./LI_fix.sty
LaTeX Font Info:    Redeclaring math alphabet \mathbf on input line 5.
LaTeX Font Info:    Overwriting math alphabet `\mathbf' in version `normal'
(Font)                  OT1/cmr/bx/n --> OT1/cmss/bx/n on input line 5.
LaTeX Font Info:    Overwriting math alphabet `\mathbf' in version `bold'
(Font)                  OT1/cmr/bx/n --> OT1/cmss/bx/n on input line 5.
LaTeX Font Info:    Redeclaring math alphabet \mathbf on input line 16.
LaTeX Font Info:    Overwriting math alphabet `\mathbf' in version `normal'
(Font)                  OT1/cmss/bx/n --> OT1/cmss/bx/n on input line 16.
LaTeX Font Info:    Overwriting math alphabet `\mathbf' in version `bold'
(Font)                  OT1/cmss/bx/n --> OT1/cmss/bx/n on input line 16.
\c@exampleli=\count169
\labellength=\skip61
\textlength=\skip62
\c@fnexample=\count170
\c@lexlistcounter=\count171
\c@nexlistcounter=\count172
\c@myfigure=\count173
\mystringwidth=\skip63
\funnylength=\skip64
\hanginglength=\skip65
) (./parsetree.sty
Including style file `parsetree.sty'.
\pthgap=\dimen199
\ptvgap=\dimen200
\ptnodestrutbox=\box56
\ptleafstrutbox=\box57
\ptdepth=\count174
\ptn=\count175
\ptm=\box58
\ptmx=\dimen201
\pta=\box59
\ptax=\dimen202
\ptb=\box60
\ptbx=\dimen203
\ptc=\box61
\ptcx=\dimen204
\ptx=\box62
\ptxx=\dimen205
\pted=\count176
\ptedm=\count177
\pteda=\count178
\ptedb=\count179
\ptedc=\count180
\ptedl=\count181
\ptedh=\count182
\ptedhs=\count183
\ptedvs=\count184
\ptedtemp=\count185
) (./avm.sty
\avmdimen=\dimen206
\avmboxone=\box63
\avmboxthree=\box64
) (./lcovington.sty
* covington.sty : Covington's linguistic macros, 2001 March 27 *
\c@equationsave=\count186
\lineone=\box65
\linetwo=\box66
\linethree=\box67
\wordone=\box68
\wordtwo=\box69
\wordthree=\box70
\gline=\box71
\glossglue=\skip66
\c@exercise=\count187
) (/usr/share/texmf-texlive/tex/latex/multirow/multirow.sty
\bigstrutjot=\dimen207
) (./slides.aux)
\openout1 = `slides.aux'.

LaTeX Font Info:    Checking defaults for OML/cmm/m/it on input line 85.
LaTeX Font Info:    ... okay on input line 85.
LaTeX Font Info:    Checking defaults for T1/cmr/m/n on input line 85.
LaTeX Font Info:    ... okay on input line 85.
LaTeX Font Info:    Checking defaults for OT1/cmr/m/n on input line 85.
LaTeX Font Info:    ... okay on input line 85.
LaTeX Font Info:    Checking defaults for OMS/cmsy/m/n on input line 85.
LaTeX Font Info:    ... okay on input line 85.
LaTeX Font Info:    Checking defaults for OMX/cmex/m/n on input line 85.
LaTeX Font Info:    ... okay on input line 85.
LaTeX Font Info:    Checking defaults for U/cmr/m/n on input line 85.
LaTeX Font Info:    ... okay on input line 85.
LaTeX Font Info:    Checking defaults for PD1/pdf/m/n on input line 85.
LaTeX Font Info:    ... okay on input line 85.
LaTeX Font Info:    Checking defaults for TS1/cmr/m/n on input line 85.
LaTeX Font Info:    Try loading font information for TS1+cmr on input line 85.

(/usr/share/texmf-texlive/tex/latex/base/ts1cmr.fd
File: ts1cmr.fd 1999/05/25 v2.5h Standard LaTeX font definitions
)
LaTeX Font Info:    ... okay on input line 85.

(/usr/share/texmf/tex/context/base/supp-pdf.tex
[Loading MPS to PDF converter (version 2006.09.02).]
\scratchcounter=\count188
\scratchdimen=\dimen208
\scratchbox=\box72
\nofMPsegments=\count189
\nofMParguments=\count190
\everyMPshowfont=\toks37
\MPscratchCnt=\count191
\MPscratchDim=\dimen209
\MPnumerator=\count192
\everyMPtoPDFconversion=\toks38
)
-------------------- Geometry parameters
paper: user defined
landscape: --
twocolumn: --
twoside: --
asymmetric: --
h-parts: 28.45274pt, 307.28987pt, 28.45274pt
v-parts: 0.0pt, 273.14662pt, 0.0pt
hmarginratio: --
vmarginratio: --
lines: --
heightrounded: --
bindingoffset: 0.0pt
truedimen: --
includehead: true
includefoot: true
includemp: --
driver: pdftex
-------------------- Page layout dimensions and switches
\paperwidth  364.19536pt
\paperheight 273.14662pt
\textwidth  307.28987pt
\textheight 244.6939pt
\oddsidemargin  -43.81725pt
\evensidemargin -43.81725pt
\topmargin  -72.26999pt
\headheight 14.22636pt
\headsep    0.0pt
\footskip   14.22636pt
\marginparwidth 4.0pt
\marginparsep   10.0pt
\columnsep  10.0pt
\skip\footins  10.0pt plus 4.0pt minus 2.0pt
\hoffset 0.0pt
\voffset 0.0pt
\mag 1000

(1in=72.27pt, 1cm=28.45pt)
-----------------------
Package hyperref Info: Link coloring ON on input line 85.
 (/usr/share/texmf-texlive/tex/latex/hyperref/nameref.sty
Package: nameref 2006/12/27 v2.28 Cross-referencing by name of section

(/usr/share/texmf-texlive/tex/latex/oberdiek/refcount.sty
Package: refcount 2006/02/20 v3.0 Data extraction from references (HO)
)
\c@section@level=\count193
)
LaTeX Info: Redefining \ref on input line 85.
LaTeX Info: Redefining \pageref on input line 85.
 (./slides.out)
(./slides.out)
\@outlinefile=\write5
\openout5 = `slides.out'.

LaTeX Font Info:    Overwriting symbol font `operators' in version `normal'
(Font)                  OT1/cmr/m/n --> OT1/cmss/m/n on input line 85.
LaTeX Font Info:    Overwriting symbol font `operators' in version `bold'
(Font)                  OT1/cmr/bx/n --> OT1/cmss/bx/n on input line 85.
\symnumbers=\mathgroup6
\sympureletters=\mathgroup7
LaTeX Font Info:    Overwriting math alphabet `\mathrm' in version `normal'
(Font)                  OT1/cmss/m/n --> OT1/cmr/m/n on input line 85.
LaTeX Font Info:    Redeclaring math alphabet \mathbf on input line 85.
LaTeX Font Info:    Overwriting math alphabet `\mathbf' in version `normal'
(Font)                  OT1/cmss/bx/n --> OT1/cmss/bx/n on input line 85.
LaTeX Font Info:    Overwriting math alphabet `\mathbf' in version `bold'
(Font)                  OT1/cmss/bx/n --> OT1/cmss/bx/n on input line 85.
LaTeX Font Info:    Redeclaring math alphabet \mathsf on input line 85.
LaTeX Font Info:    Overwriting math alphabet `\mathsf' in version `normal'
(Font)                  OT1/cmss/m/n --> OT1/cmss/m/n on input line 85.
LaTeX Font Info:    Overwriting math alphabet `\mathsf' in version `bold'
(Font)                  OT1/cmss/bx/n --> OT1/cmss/m/n on input line 85.
LaTeX Font Info:    Redeclaring math alphabet \mathit on input line 85.
LaTeX Font Info:    Overwriting math alphabet `\mathit' in version `normal'
(Font)                  OT1/cmr/m/it --> OT1/cmss/m/it on input line 85.
LaTeX Font Info:    Overwriting math alphabet `\mathit' in version `bold'
(Font)                  OT1/cmr/bx/it --> OT1/cmss/m/it on input line 85.
LaTeX Font Info:    Redeclaring math alphabet \mathtt on input line 85.
LaTeX Font Info:    Overwriting math alphabet `\mathtt' in version `normal'
(Font)                  OT1/cmtt/m/n --> OT1/cmtt/m/n on input line 85.
LaTeX Font Info:    Overwriting math alphabet `\mathtt' in version `bold'
(Font)                  OT1/cmtt/m/n --> OT1/cmtt/m/n on input line 85.
LaTeX Font Info:    Overwriting symbol font `numbers' in version `bold'
(Font)                  OT1/cmss/m/n --> OT1/cmss/bx/n on input line 85.
LaTeX Font Info:    Overwriting symbol font `pureletters' in version `bold'
(Font)                  OT1/cmss/m/it --> OT1/cmss/bx/it on input line 85.
LaTeX Font Info:    Overwriting math alphabet `\mathrm' in version `bold'
(Font)                  OT1/cmss/bx/n --> OT1/cmr/bx/n on input line 85.
LaTeX Font Info:    Overwriting math alphabet `\mathbf' in version `bold'
(Font)                  OT1/cmss/bx/n --> OT1/cmss/bx/n on input line 85.
LaTeX Font Info:    Overwriting math alphabet `\mathsf' in version `bold'
(Font)                  OT1/cmss/m/n --> OT1/cmss/bx/n on input line 85.
LaTeX Font Info:    Overwriting math alphabet `\mathit' in version `bold'
(Font)                  OT1/cmss/m/it --> OT1/cmss/bx/it on input line 85.
LaTeX Font Info:    Overwriting math alphabet `\mathtt' in version `bold'
(Font)                  OT1/cmtt/m/n --> OT1/cmtt/bx/n on input line 85.
\c@lstlisting=\count194
 (./slides.nav)

LaTeX Font Warning: Font shape `OT1/cmss/m/sc' in size <6> not available
(Font)              Font shape `OT1/cmr/m/sc' tried instead on input line 85.


LaTeX Font Warning: Font shape `OT1/cmss/m/sc' in size <14.4> not available
(Font)              Font shape `OT1/cmr/m/sc' tried instead on input line 87.

[1

{/var/lib/texmf/fonts/map/pdftex/updmap/pdftex.map}]
\openout3 = `slides.vrb'.

 (./slides.vrb
LaTeX Font Info:    Try loading font information for TS1+cmss on input line 6.

(/usr/share/texmf-texlive/tex/latex/base/ts1cmss.fd
File: ts1cmss.fd 1999/05/25 v2.5h Standard LaTeX font definitions
)
LaTeX Font Info:    Try loading font information for U+msa on input line 9.

(/usr/share/texmf-texlive/tex/latex/amsfonts/umsa.fd
File: umsa.fd 2002/01/19 v2.2g AMS font definitions
)
LaTeX Font Info:    Try loading font information for U+msb on input line 9.

(/usr/share/texmf-texlive/tex/latex/amsfonts/umsb.fd
File: umsb.fd 2002/01/19 v2.2g AMS font definitions
))

LaTeX Font Warning: Font shape `OT1/cmss/m/n' in size <4> not available
(Font)              size <5> substituted on input line 101.

[2

 </home/mhonn/Documents/tex/images/usyd-primary-colour.pdf>]
\openout3 = `slides.vrb'.

 (./slides.vrb)
[3

]
\openout3 = `slides.vrb'.

 (./slides.vrb

LaTeX Font Warning: Font shape `OT1/cmss/m/sc' in size <10.95> not available
(Font)              Font shape `OT1/cmr/m/sc' tried instead on input line 10.

) [4

]
\openout3 = `slides.vrb'.

 (./slides.vrb) [5

]
\openout3 = `slides.vrb'.

 (./slides.vrb) [6

]
\openout3 = `slides.vrb'.

 (./slides.vrb) [7

]
\openout3 = `slides.vrb'.

 (./slides.vrb)
[8

]
\openout3 = `slides.vrb'.

 (./slides.vrb) [9

]
\openout3 = `slides.vrb'.

 (./slides.vrb) [10

]
\openout3 = `slides.vrb'.

 (./slides.vrb
Overfull \hbox (5.09656pt too wide) in paragraph at lines 22--22
 []$ 
 []

) [11

]
\openout3 = `slides.vrb'.

 (./slides.vrb
Overfull \hbox (28.13564pt too wide) in paragraph at lines 35--35
 [] 
 []

) [12

]
\openout3 = `slides.vrb'.

 (./slides.vrb) [13

]
\openout3 = `slides.vrb'.

 (./slides.vrb) [14

]
\openout3 = `slides.vrb'.

 (./slides.vrb) [15

]
\openout3 = `slides.vrb'.


(./slides.vrb

LaTeX Font Warning: Font shape `OT1/cmss/m/sc' in size <10> not available
(Font)              Font shape `OT1/cmr/m/sc' tried instead on input line 13.

) [16

]
\openout3 = `slides.vrb'.

 (./slides.vrb
Overfull \hbox (8.50859pt too wide) in paragraph at lines 14--14
 [] 
 []

) [17

]
\openout3 = `slides.vrb'.

 (./slides.vrb) [18

]
\openout3 = `slides.vrb'.

 (./slides.vrb) [19

]
\openout3 = `slides.vrb'.

 (./slides.vrb) [20

]
\openout3 = `slides.vrb'.


(./slides.vrb)
Overfull \hbox (17.3606pt too wide) in paragraph at lines 18--557
[][] 
 []

[21

]
\openout3 = `slides.vrb'.

 (./slides.vrb) [22

]
\openout3 = `slides.vrb'.

 (./slides.vrb) [23

]
\openout3 = `slides.vrb'.

 (./slides.vrb) [24

]
\tf@nav=\write6
\openout6 = `slides.nav'.

\tf@toc=\write7
\openout7 = `slides.toc'.

\tf@snm=\write8
\openout8 = `slides.snm'.

 (./slides.aux)

LaTeX Font Warning: Size substitutions with differences
(Font)              up to 1.0pt have occurred.

 ) ) 
Here is how much of TeX's memory you used:
 12669 strings out of 94101
 223987 string characters out of 1165811
 344591 words of memory out of 1500000
 15370 multiletter control sequences out of 10000+50000
 18661 words of font info for 68 fonts, out of 1200000 for 2000
 637 hyphenation exceptions out of 8191
 46i,23n,64p,2276b,916s stack positions out of 5000i,500n,6000p,200000b,5000s
 </home/mhonn/.texmf-var/fonts/pk/ljfour/jknappen/ec/tcss0900.600pk> </home
/mhonn/.texmf-var/fonts/pk/ljfour/jknappen/ec/tcss1000.600pk></usr/share/texmf-
texlive/fonts/type1/bluesky/cm/cmcsc10.pfb></usr/share/texmf-texlive/fonts/type
1/bluesky/cm/cmmi10.pfb></usr/share/texmf-texlive/fonts/type1/bluesky/cm/cmmi7.
pfb></usr/share/texmf-texlive/fonts/type1/bluesky/cm/cmmi8.pfb></usr/share/texm
f-texlive/fonts/type1/bluesky/cm/cmr10.pfb></usr/share/texmf-texlive/fonts/type
1/bluesky/cm/cmr8.pfb></usr/share/texmf-texlive/fonts/type1/bluesky/cm/cmss10.p
fb></usr/share/texmf-texlive/fonts/type1/bluesky/cm/cmss12.pfb></usr/share/texm
f-texlive/fonts/type1/bluesky/cm/cmss8.pfb></usr/share/texmf-texlive/fonts/type
1/bluesky/cm/cmssbx10.pfb></usr/share/texmf-texlive/fonts/type1/bluesky/cm/cmss
i10.pfb></usr/share/texmf-texlive/fonts/type1/bluesky/cm/cmssi8.pfb></usr/share
/texmf-texlive/fonts/type1/bluesky/cm/cmsy10.pfb></usr/share/texmf-texlive/font
s/type1/bluesky/cm/cmsy8.pfb></usr/share/texmf-texlive/fonts/type1/bluesky/cm/c
mtt10.pfb>
Output written on slides.pdf (24 pages, 401427 bytes).
PDF statistics:
 1556 PDF objects out of 1728 (max. 8388607)
 77 named destinations out of 1000 (max. 131072)
 307 words of extra memory for PDF output out of 10000 (max. 10000000)

